<?xml version="1.0" encoding="UTF-8"?>
<testsuite failures="1" errors="0" skipped="0" tests="2" time="348.433096" name="Cellular Data Upload">
<testcase classname="Cellular Data Upload" name="DataUpload01" time="273.554288">
  <failure message="failed DataUpload01" type="failed"></failure>
  <system-out>
    <![CDATA[]]>
  </system-out>
  <system-err>
    <![CDATA[]]>
  </system-err>
</testcase>
<testcase classname="Cellular Data Upload" name="DataUpload02" time="74.878809">
  <system-out>
    <![CDATA[]]>
  </system-out>
  <system-err>
    <![CDATA[]]>
  </system-err>
</testcase>
</testsuite>
