<testsuites tests="49" failures="0" disabled="0" time="50.677895">
  <testsuite tests="5" time="43.742904" errors="1" failures="0" skipped="0" timestamp="2023-10-24 19:30:18Z" name="SpecFlow.GeneratedTests.">
    <testcase name="SMOKE01" assertions="20" time="7.576690" status="Passed" classname="SpecFlow.GeneratedTests.SmokeFeature">
      <system-out></system-out>
    </testcase>
    <testcase name="SMOKE02" assertions="36" time="8.468487" status="Passed" classname="SpecFlow.GeneratedTests.SmokeFeature">
      <system-out></system-out>
    </testcase>
    <testcase name="SMOKE03" assertions="11" time="5.717704" status="Passed" classname="SpecFlow.GeneratedTests.SmokeFeature">
      <system-out></system-out>
    </testcase>
    <testcase name="SMOKE04" assertions="10" time="5.291307" status="Passed" classname="SpecFlow.GeneratedTests.SmokeFeature">
      <system-out></system-out>
    </testcase>
    <testcase name="SMOKE05" assertions="9" time="9.286934" status="Passed" classname="SpecFlow.GeneratedTests.SmokeFeature">
      <system-out></system-out>
    </testcase>
  </testsuite>
</testsuites>