<?xml version="1.0" encoding="UTF-8"?>
<testsuite failures="1" errors="0" skipped="0" tests="1" time="92.904137" name="Cellular Network Time">
<testcase classname="Cellular Network Time" name="Time01" time="92.904137">
  <failure message="failed " type="failed"></failure>
  <system-out>
    <![CDATA[]]>
  </system-out>
  <system-err>
    <![CDATA[]]>
  </system-err>
</testcase>
</testsuite>
